<?xml version="1.0" encoding="UTF-8"?>
<testsuite xmlns:xsi="http://www.w3.org/2001/XMLSchema-instance" xsi:noNamespaceSchemaLocation="https://maven.apache.org/surefire/maven-surefire-plugin/xsd/surefire-test-report.xsd" name="com.autotune.analyzer.utils.TestEvalExParser" time="0.367" tests="2" errors="0" skipped="0" failures="0">
  <properties>
    <property name="java.specification.version" value="19"/>
    <property name="sun.jnu.encoding" value="UTF-8"/>
    <property name="java.class.path" value="/Users/xdharmai/go/src/github.com/open-cluster-management/autotune/target/test-classes:/Users/xdharmai/go/src/github.com/open-cluster-management/autotune/target/classes:/Users/xdharmai/.m2/repository/com/pubnub/pubnub-gson/5.2.1/pubnub-gson-5.2.1.jar:/Users/xdharmai/.m2/repository/com/squareup/okhttp3/logging-interceptor/3.12.6/logging-interceptor-3.12.6.jar:/Users/xdharmai/.m2/repository/com/squareup/retrofit2/retrofit/2.6.2/retrofit-2.6.2.jar:/Users/xdharmai/.m2/repository/org/slf4j/slf4j-api/1.7.28/slf4j-api-1.7.28.jar:/Users/xdharmai/.m2/repository/com/squareup/retrofit2/converter-gson/2.6.2/converter-gson-2.6.2.jar:/Users/xdharmai/.m2/repository/com/fasterxml/jackson/core/jackson-databind/2.12.3/jackson-databind-2.12.3.jar:/Users/xdharmai/.m2/repository/com/fasterxml/jackson/core/jackson-annotations/2.12.3/jackson-annotations-2.12.3.jar:/Users/xdharmai/.m2/repository/com/fasterxml/jackson/dataformat/jackson-dataformat-cbor/2.12.3/jackson-dataformat-cbor-2.12.3.jar:/Users/xdharmai/.m2/repository/org/jetbrains/annotations/17.0.0/annotations-17.0.0.jar:/Users/xdharmai/.m2/repository/com/fasterxml/jackson/core/jackson-core/2.12.4/jackson-core-2.12.4.jar:/Users/xdharmai/.m2/repository/io/fabric8/kubernetes-client/4.13.0/kubernetes-client-4.13.0.jar:/Users/xdharmai/.m2/repository/io/fabric8/kubernetes-model-core/4.13.0/kubernetes-model-core-4.13.0.jar:/Users/xdharmai/.m2/repository/io/fabric8/kubernetes-model-common/4.13.0/kubernetes-model-common-4.13.0.jar:/Users/xdharmai/.m2/repository/com/fasterxml/jackson/module/jackson-module-jaxb-annotations/2.11.2/jackson-module-jaxb-annotations-2.11.2.jar:/Users/xdharmai/.m2/repository/jakarta/xml/bind/jakarta.xml.bind-api/2.3.2/jakarta.xml.bind-api-2.3.2.jar:/Users/xdharmai/.m2/repository/jakarta/activation/jakarta.activation-api/1.2.1/jakarta.activation-api-1.2.1.jar:/Users/xdharmai/.m2/repository/javax/annotation/javax.annotation-api/1.3.2/javax.annotation-api-1.3.2.jar:/Users/xdharmai/.m2/repository/javax/xml/bind/jaxb-api/2.3.0/jaxb-api-2.3.0.jar:/Users/xdharmai/.m2/repository/io/fabric8/kubernetes-model-rbac/4.13.0/kubernetes-model-rbac-4.13.0.jar:/Users/xdharmai/.m2/repository/io/fabric8/kubernetes-model-admissionregistration/4.13.0/kubernetes-model-admissionregistration-4.13.0.jar:/Users/xdharmai/.m2/repository/io/fabric8/kubernetes-model-apps/4.13.0/kubernetes-model-apps-4.13.0.jar:/Users/xdharmai/.m2/repository/io/fabric8/kubernetes-model-autoscaling/4.13.0/kubernetes-model-autoscaling-4.13.0.jar:/Users/xdharmai/.m2/repository/io/fabric8/kubernetes-model-apiextensions/4.13.0/kubernetes-model-apiextensions-4.13.0.jar:/Users/xdharmai/.m2/repository/io/fabric8/kubernetes-model-batch/4.13.0/kubernetes-model-batch-4.13.0.jar:/Users/xdharmai/.m2/repository/io/fabric8/kubernetes-model-certificates/4.13.0/kubernetes-model-certificates-4.13.0.jar:/Users/xdharmai/.m2/repository/io/fabric8/kubernetes-model-coordination/4.13.0/kubernetes-model-coordination-4.13.0.jar:/Users/xdharmai/.m2/repository/io/fabric8/kubernetes-model-discovery/4.13.0/kubernetes-model-discovery-4.13.0.jar:/Users/xdharmai/.m2/repository/io/fabric8/kubernetes-model-events/4.13.0/kubernetes-model-events-4.13.0.jar:/Users/xdharmai/.m2/repository/io/fabric8/kubernetes-model-extensions/4.13.0/kubernetes-model-extensions-4.13.0.jar:/Users/xdharmai/.m2/repository/io/fabric8/kubernetes-model-networking/4.13.0/kubernetes-model-networking-4.13.0.jar:/Users/xdharmai/.m2/repository/io/fabric8/kubernetes-model-metrics/4.13.0/kubernetes-model-metrics-4.13.0.jar:/Users/xdharmai/.m2/repository/io/fabric8/kubernetes-model-policy/4.13.0/kubernetes-model-policy-4.13.0.jar:/Users/xdharmai/.m2/repository/io/fabric8/kubernetes-model-scheduling/4.13.0/kubernetes-model-scheduling-4.13.0.jar:/Users/xdharmai/.m2/repository/io/fabric8/kubernetes-model-settings/4.13.0/kubernetes-model-settings-4.13.0.jar:/Users/xdharmai/.m2/repository/io/fabric8/kubernetes-model-storageclass/4.13.0/kubernetes-model-storageclass-4.13.0.jar:/Users/xdharmai/.m2/repository/io/fabric8/kubernetes-model-node/4.13.0/kubernetes-model-node-4.13.0.jar:/Users/xdharmai/.m2/repository/com/squareup/okhttp3/okhttp/3.12.12/okhttp-3.12.12.jar:/Users/xdharmai/.m2/repository/com/squareup/okio/okio/1.15.0/okio-1.15.0.jar:/Users/xdharmai/.m2/repository/com/fasterxml/jackson/dataformat/jackson-dataformat-yaml/2.11.2/jackson-dataformat-yaml-2.11.2.jar:/Users/xdharmai/.m2/repository/org/yaml/snakeyaml/1.26/snakeyaml-1.26.jar:/Users/xdharmai/.m2/repository/com/fasterxml/jackson/datatype/jackson-datatype-jsr310/2.11.2/jackson-datatype-jsr310-2.11.2.jar:/Users/xdharmai/.m2/repository/io/fabric8/zjsonpatch/0.3.0/zjsonpatch-0.3.0.jar:/Users/xdharmai/.m2/repository/com/github/mifmif/generex/1.0.2/generex-1.0.2.jar:/Users/xdharmai/.m2/repository/dk/brics/automaton/automaton/1.11-8/automaton-1.11-8.jar:/Users/xdharmai/.m2/repository/org/json/json/20201115/json-20201115.jar:/Users/xdharmai/.m2/repository/org/eclipse/jetty/jetty-server/9.4.44.v20210927/jetty-server-9.4.44.v20210927.jar:/Users/xdharmai/.m2/repository/javax/servlet/javax.servlet-api/3.1.0/javax.servlet-api-3.1.0.jar:/Users/xdharmai/.m2/repository/org/eclipse/jetty/jetty-http/9.4.44.v20210927/jetty-http-9.4.44.v20210927.jar:/Users/xdharmai/.m2/repository/org/eclipse/jetty/jetty-io/9.4.44.v20210927/jetty-io-9.4.44.v20210927.jar:/Users/xdharmai/.m2/repository/org/eclipse/jetty/jetty-servlets/9.4.44.v20210927/jetty-servlets-9.4.44.v20210927.jar:/Users/xdharmai/.m2/repository/org/eclipse/jetty/jetty-continuation/9.4.44.v20210927/jetty-continuation-9.4.44.v20210927.jar:/Users/xdharmai/.m2/repository/org/eclipse/jetty/jetty-util/9.4.44.v20210927/jetty-util-9.4.44.v20210927.jar:/Users/xdharmai/.m2/repository/org/eclipse/jetty/jetty-servlet/9.4.44.v20210927/jetty-servlet-9.4.44.v20210927.jar:/Users/xdharmai/.m2/repository/org/eclipse/jetty/jetty-security/9.4.44.v20210927/jetty-security-9.4.44.v20210927.jar:/Users/xdharmai/.m2/repository/org/eclipse/jetty/jetty-util-ajax/9.4.44.v20210927/jetty-util-ajax-9.4.44.v20210927.jar:/Users/xdharmai/.m2/repository/org/apache/logging/log4j/log4j-slf4j-impl/2.17.1/log4j-slf4j-impl-2.17.1.jar:/Users/xdharmai/.m2/repository/org/apache/logging/log4j/log4j-api/2.17.1/log4j-api-2.17.1.jar:/Users/xdharmai/.m2/repository/org/apache/logging/log4j/log4j-core/2.17.1/log4j-core-2.17.1.jar:/Users/xdharmai/.m2/repository/com/udojava/EvalEx/2.7/EvalEx-2.7.jar:/Users/xdharmai/.m2/repository/org/junit/jupiter/junit-jupiter-engine/5.3.1/junit-jupiter-engine-5.3.1.jar:/Users/xdharmai/.m2/repository/org/apiguardian/apiguardian-api/1.0.0/apiguardian-api-1.0.0.jar:/Users/xdharmai/.m2/repository/org/junit/platform/junit-platform-engine/1.3.1/junit-platform-engine-1.3.1.jar:/Users/xdharmai/.m2/repository/org/junit/platform/junit-platform-commons/1.3.1/junit-platform-commons-1.3.1.jar:/Users/xdharmai/.m2/repository/org/opentest4j/opentest4j/1.1.1/opentest4j-1.1.1.jar:/Users/xdharmai/.m2/repository/org/junit/jupiter/junit-jupiter-api/5.3.1/junit-jupiter-api-5.3.1.jar:/Users/xdharmai/.m2/repository/io/prometheus/simpleclient/0.14.1/simpleclient-0.14.1.jar:/Users/xdharmai/.m2/repository/io/prometheus/simpleclient_tracer_otel/0.14.1/simpleclient_tracer_otel-0.14.1.jar:/Users/xdharmai/.m2/repository/io/prometheus/simpleclient_tracer_common/0.14.1/simpleclient_tracer_common-0.14.1.jar:/Users/xdharmai/.m2/repository/io/prometheus/simpleclient_tracer_otel_agent/0.14.1/simpleclient_tracer_otel_agent-0.14.1.jar:/Users/xdharmai/.m2/repository/io/prometheus/simpleclient_hotspot/0.14.1/simpleclient_hotspot-0.14.1.jar:/Users/xdharmai/.m2/repository/io/prometheus/simpleclient_httpserver/0.14.1/simpleclient_httpserver-0.14.1.jar:/Users/xdharmai/.m2/repository/io/prometheus/simpleclient_common/0.14.1/simpleclient_common-0.14.1.jar:/Users/xdharmai/.m2/repository/io/prometheus/simpleclient_servlet/0.14.1/simpleclient_servlet-0.14.1.jar:/Users/xdharmai/.m2/repository/io/prometheus/simpleclient_servlet_common/0.14.1/simpleclient_servlet_common-0.14.1.jar:/Users/xdharmai/.m2/repository/org/apache/httpcomponents/httpclient/4.5.13/httpclient-4.5.13.jar:/Users/xdharmai/.m2/repository/org/apache/httpcomponents/httpcore/4.4.13/httpcore-4.4.13.jar:/Users/xdharmai/.m2/repository/commons-logging/commons-logging/1.2/commons-logging-1.2.jar:/Users/xdharmai/.m2/repository/commons-codec/commons-codec/1.11/commons-codec-1.11.jar:/Users/xdharmai/.m2/repository/com/google/code/gson/gson/2.9.0/gson-2.9.0.jar:"/>
    <property name="java.vm.vendor" value="Homebrew"/>
    <property name="sun.arch.data.model" value="64"/>
    <property name="java.vendor.url" value="https://github.com/Homebrew/homebrew-core/issues"/>
    <property name="os.name" value="Mac OS X"/>
    <property name="java.vm.specification.version" value="19"/>
    <property name="sun.java.launcher" value="SUN_STANDARD"/>
    <property name="user.country" value="US"/>
    <property name="sun.boot.library.path" value="/usr/local/Cellar/openjdk/19.0.2/libexec/openjdk.jdk/Contents/Home/lib"/>
    <property name="sun.java.command" value="/Users/xdharmai/go/src/github.com/open-cluster-management/autotune/target/surefire/surefirebooter8703467945763108778.jar /Users/xdharmai/go/src/github.com/open-cluster-management/autotune/target/surefire 2023-03-07T15-24-37_965-jvmRun1 surefire359874116715026769tmp surefire_01851477010437404638tmp"/>
    <property name="http.nonProxyHosts" value="local|*.local|169.254/16|*.169.254/16"/>
    <property name="jdk.debug" value="release"/>
    <property name="surefire.test.class.path" value="/Users/xdharmai/go/src/github.com/open-cluster-management/autotune/target/test-classes:/Users/xdharmai/go/src/github.com/open-cluster-management/autotune/target/classes:/Users/xdharmai/.m2/repository/com/pubnub/pubnub-gson/5.2.1/pubnub-gson-5.2.1.jar:/Users/xdharmai/.m2/repository/com/squareup/okhttp3/logging-interceptor/3.12.6/logging-interceptor-3.12.6.jar:/Users/xdharmai/.m2/repository/com/squareup/retrofit2/retrofit/2.6.2/retrofit-2.6.2.jar:/Users/xdharmai/.m2/repository/org/slf4j/slf4j-api/1.7.28/slf4j-api-1.7.28.jar:/Users/xdharmai/.m2/repository/com/squareup/retrofit2/converter-gson/2.6.2/converter-gson-2.6.2.jar:/Users/xdharmai/.m2/repository/com/fasterxml/jackson/core/jackson-databind/2.12.3/jackson-databind-2.12.3.jar:/Users/xdharmai/.m2/repository/com/fasterxml/jackson/core/jackson-annotations/2.12.3/jackson-annotations-2.12.3.jar:/Users/xdharmai/.m2/repository/com/fasterxml/jackson/dataformat/jackson-dataformat-cbor/2.12.3/jackson-dataformat-cbor-2.12.3.jar:/Users/xdharmai/.m2/repository/org/jetbrains/annotations/17.0.0/annotations-17.0.0.jar:/Users/xdharmai/.m2/repository/com/fasterxml/jackson/core/jackson-core/2.12.4/jackson-core-2.12.4.jar:/Users/xdharmai/.m2/repository/io/fabric8/kubernetes-client/4.13.0/kubernetes-client-4.13.0.jar:/Users/xdharmai/.m2/repository/io/fabric8/kubernetes-model-core/4.13.0/kubernetes-model-core-4.13.0.jar:/Users/xdharmai/.m2/repository/io/fabric8/kubernetes-model-common/4.13.0/kubernetes-model-common-4.13.0.jar:/Users/xdharmai/.m2/repository/com/fasterxml/jackson/module/jackson-module-jaxb-annotations/2.11.2/jackson-module-jaxb-annotations-2.11.2.jar:/Users/xdharmai/.m2/repository/jakarta/xml/bind/jakarta.xml.bind-api/2.3.2/jakarta.xml.bind-api-2.3.2.jar:/Users/xdharmai/.m2/repository/jakarta/activation/jakarta.activation-api/1.2.1/jakarta.activation-api-1.2.1.jar:/Users/xdharmai/.m2/repository/javax/annotation/javax.annotation-api/1.3.2/javax.annotation-api-1.3.2.jar:/Users/xdharmai/.m2/repository/javax/xml/bind/jaxb-api/2.3.0/jaxb-api-2.3.0.jar:/Users/xdharmai/.m2/repository/io/fabric8/kubernetes-model-rbac/4.13.0/kubernetes-model-rbac-4.13.0.jar:/Users/xdharmai/.m2/repository/io/fabric8/kubernetes-model-admissionregistration/4.13.0/kubernetes-model-admissionregistration-4.13.0.jar:/Users/xdharmai/.m2/repository/io/fabric8/kubernetes-model-apps/4.13.0/kubernetes-model-apps-4.13.0.jar:/Users/xdharmai/.m2/repository/io/fabric8/kubernetes-model-autoscaling/4.13.0/kubernetes-model-autoscaling-4.13.0.jar:/Users/xdharmai/.m2/repository/io/fabric8/kubernetes-model-apiextensions/4.13.0/kubernetes-model-apiextensions-4.13.0.jar:/Users/xdharmai/.m2/repository/io/fabric8/kubernetes-model-batch/4.13.0/kubernetes-model-batch-4.13.0.jar:/Users/xdharmai/.m2/repository/io/fabric8/kubernetes-model-certificates/4.13.0/kubernetes-model-certificates-4.13.0.jar:/Users/xdharmai/.m2/repository/io/fabric8/kubernetes-model-coordination/4.13.0/kubernetes-model-coordination-4.13.0.jar:/Users/xdharmai/.m2/repository/io/fabric8/kubernetes-model-discovery/4.13.0/kubernetes-model-discovery-4.13.0.jar:/Users/xdharmai/.m2/repository/io/fabric8/kubernetes-model-events/4.13.0/kubernetes-model-events-4.13.0.jar:/Users/xdharmai/.m2/repository/io/fabric8/kubernetes-model-extensions/4.13.0/kubernetes-model-extensions-4.13.0.jar:/Users/xdharmai/.m2/repository/io/fabric8/kubernetes-model-networking/4.13.0/kubernetes-model-networking-4.13.0.jar:/Users/xdharmai/.m2/repository/io/fabric8/kubernetes-model-metrics/4.13.0/kubernetes-model-metrics-4.13.0.jar:/Users/xdharmai/.m2/repository/io/fabric8/kubernetes-model-policy/4.13.0/kubernetes-model-policy-4.13.0.jar:/Users/xdharmai/.m2/repository/io/fabric8/kubernetes-model-scheduling/4.13.0/kubernetes-model-scheduling-4.13.0.jar:/Users/xdharmai/.m2/repository/io/fabric8/kubernetes-model-settings/4.13.0/kubernetes-model-settings-4.13.0.jar:/Users/xdharmai/.m2/repository/io/fabric8/kubernetes-model-storageclass/4.13.0/kubernetes-model-storageclass-4.13.0.jar:/Users/xdharmai/.m2/repository/io/fabric8/kubernetes-model-node/4.13.0/kubernetes-model-node-4.13.0.jar:/Users/xdharmai/.m2/repository/com/squareup/okhttp3/okhttp/3.12.12/okhttp-3.12.12.jar:/Users/xdharmai/.m2/repository/com/squareup/okio/okio/1.15.0/okio-1.15.0.jar:/Users/xdharmai/.m2/repository/com/fasterxml/jackson/dataformat/jackson-dataformat-yaml/2.11.2/jackson-dataformat-yaml-2.11.2.jar:/Users/xdharmai/.m2/repository/org/yaml/snakeyaml/1.26/snakeyaml-1.26.jar:/Users/xdharmai/.m2/repository/com/fasterxml/jackson/datatype/jackson-datatype-jsr310/2.11.2/jackson-datatype-jsr310-2.11.2.jar:/Users/xdharmai/.m2/repository/io/fabric8/zjsonpatch/0.3.0/zjsonpatch-0.3.0.jar:/Users/xdharmai/.m2/repository/com/github/mifmif/generex/1.0.2/generex-1.0.2.jar:/Users/xdharmai/.m2/repository/dk/brics/automaton/automaton/1.11-8/automaton-1.11-8.jar:/Users/xdharmai/.m2/repository/org/json/json/20201115/json-20201115.jar:/Users/xdharmai/.m2/repository/org/eclipse/jetty/jetty-server/9.4.44.v20210927/jetty-server-9.4.44.v20210927.jar:/Users/xdharmai/.m2/repository/javax/servlet/javax.servlet-api/3.1.0/javax.servlet-api-3.1.0.jar:/Users/xdharmai/.m2/repository/org/eclipse/jetty/jetty-http/9.4.44.v20210927/jetty-http-9.4.44.v20210927.jar:/Users/xdharmai/.m2/repository/org/eclipse/jetty/jetty-io/9.4.44.v20210927/jetty-io-9.4.44.v20210927.jar:/Users/xdharmai/.m2/repository/org/eclipse/jetty/jetty-servlets/9.4.44.v20210927/jetty-servlets-9.4.44.v20210927.jar:/Users/xdharmai/.m2/repository/org/eclipse/jetty/jetty-continuation/9.4.44.v20210927/jetty-continuation-9.4.44.v20210927.jar:/Users/xdharmai/.m2/repository/org/eclipse/jetty/jetty-util/9.4.44.v20210927/jetty-util-9.4.44.v20210927.jar:/Users/xdharmai/.m2/repository/org/eclipse/jetty/jetty-servlet/9.4.44.v20210927/jetty-servlet-9.4.44.v20210927.jar:/Users/xdharmai/.m2/repository/org/eclipse/jetty/jetty-security/9.4.44.v20210927/jetty-security-9.4.44.v20210927.jar:/Users/xdharmai/.m2/repository/org/eclipse/jetty/jetty-util-ajax/9.4.44.v20210927/jetty-util-ajax-9.4.44.v20210927.jar:/Users/xdharmai/.m2/repository/org/apache/logging/log4j/log4j-slf4j-impl/2.17.1/log4j-slf4j-impl-2.17.1.jar:/Users/xdharmai/.m2/repository/org/apache/logging/log4j/log4j-api/2.17.1/log4j-api-2.17.1.jar:/Users/xdharmai/.m2/repository/org/apache/logging/log4j/log4j-core/2.17.1/log4j-core-2.17.1.jar:/Users/xdharmai/.m2/repository/com/udojava/EvalEx/2.7/EvalEx-2.7.jar:/Users/xdharmai/.m2/repository/org/junit/jupiter/junit-jupiter-engine/5.3.1/junit-jupiter-engine-5.3.1.jar:/Users/xdharmai/.m2/repository/org/apiguardian/apiguardian-api/1.0.0/apiguardian-api-1.0.0.jar:/Users/xdharmai/.m2/repository/org/junit/platform/junit-platform-engine/1.3.1/junit-platform-engine-1.3.1.jar:/Users/xdharmai/.m2/repository/org/junit/platform/junit-platform-commons/1.3.1/junit-platform-commons-1.3.1.jar:/Users/xdharmai/.m2/repository/org/opentest4j/opentest4j/1.1.1/opentest4j-1.1.1.jar:/Users/xdharmai/.m2/repository/org/junit/jupiter/junit-jupiter-api/5.3.1/junit-jupiter-api-5.3.1.jar:/Users/xdharmai/.m2/repository/io/prometheus/simpleclient/0.14.1/simpleclient-0.14.1.jar:/Users/xdharmai/.m2/repository/io/prometheus/simpleclient_tracer_otel/0.14.1/simpleclient_tracer_otel-0.14.1.jar:/Users/xdharmai/.m2/repository/io/prometheus/simpleclient_tracer_common/0.14.1/simpleclient_tracer_common-0.14.1.jar:/Users/xdharmai/.m2/repository/io/prometheus/simpleclient_tracer_otel_agent/0.14.1/simpleclient_tracer_otel_agent-0.14.1.jar:/Users/xdharmai/.m2/repository/io/prometheus/simpleclient_hotspot/0.14.1/simpleclient_hotspot-0.14.1.jar:/Users/xdharmai/.m2/repository/io/prometheus/simpleclient_httpserver/0.14.1/simpleclient_httpserver-0.14.1.jar:/Users/xdharmai/.m2/repository/io/prometheus/simpleclient_common/0.14.1/simpleclient_common-0.14.1.jar:/Users/xdharmai/.m2/repository/io/prometheus/simpleclient_servlet/0.14.1/simpleclient_servlet-0.14.1.jar:/Users/xdharmai/.m2/repository/io/prometheus/simpleclient_servlet_common/0.14.1/simpleclient_servlet_common-0.14.1.jar:/Users/xdharmai/.m2/repository/org/apache/httpcomponents/httpclient/4.5.13/httpclient-4.5.13.jar:/Users/xdharmai/.m2/repository/org/apache/httpcomponents/httpcore/4.4.13/httpcore-4.4.13.jar:/Users/xdharmai/.m2/repository/commons-logging/commons-logging/1.2/commons-logging-1.2.jar:/Users/xdharmai/.m2/repository/commons-codec/commons-codec/1.11/commons-codec-1.11.jar:/Users/xdharmai/.m2/repository/com/google/code/gson/gson/2.9.0/gson-2.9.0.jar:"/>
    <property name="sun.cpu.endian" value="little"/>
    <property name="user.home" value="/Users/xdharmai"/>
    <property name="user.language" value="en"/>
    <property name="java.specification.vendor" value="Oracle Corporation"/>
    <property name="java.version.date" value="2023-01-17"/>
    <property name="java.home" value="/usr/local/Cellar/openjdk/19.0.2/libexec/openjdk.jdk/Contents/Home"/>
    <property name="file.separator" value="/"/>
    <property name="basedir" value="/Users/xdharmai/go/src/github.com/open-cluster-management/autotune"/>
    <property name="java.vm.compressedOopsMode" value="Zero based"/>
    <property name="line.separator" value="&#10;"/>
    <property name="java.vm.specification.vendor" value="Oracle Corporation"/>
    <property name="java.specification.name" value="Java Platform API Specification"/>
    <property name="apple.awt.application.name" value="ForkedBooter"/>
    <property name="surefire.real.class.path" value="/Users/xdharmai/go/src/github.com/open-cluster-management/autotune/target/surefire/surefirebooter8703467945763108778.jar"/>
    <property name="sun.management.compiler" value="HotSpot 64-Bit Tiered Compilers"/>
    <property name="ftp.nonProxyHosts" value="local|*.local|169.254/16|*.169.254/16"/>
    <property name="java.runtime.version" value="19.0.2"/>
    <property name="user.name" value="xdharmai"/>
    <property name="stdout.encoding" value="UTF-8"/>
    <property name="path.separator" value=":"/>
    <property name="os.version" value="13.2"/>
    <property name="java.runtime.name" value="OpenJDK Runtime Environment"/>
    <property name="file.encoding" value="UTF-8"/>
    <property name="java.vm.name" value="OpenJDK 64-Bit Server VM"/>
    <property name="java.vendor.version" value="Homebrew"/>
    <property name="localRepository" value="/Users/xdharmai/.m2/repository"/>
    <property name="java.vendor.url.bug" value="https://github.com/Homebrew/homebrew-core/issues"/>
    <property name="java.io.tmpdir" value="/var/folders/tk/tttmgkc15r9g94fgcs69c7qr0000gn/T/"/>
    <property name="java.version" value="19.0.2"/>
    <property name="user.dir" value="/Users/xdharmai/go/src/github.com/open-cluster-management/autotune"/>
    <property name="os.arch" value="x86_64"/>
    <property name="java.vm.specification.name" value="Java Virtual Machine Specification"/>
    <property name="native.encoding" value="UTF-8"/>
    <property name="java.library.path" value="/Users/xdharmai/Library/Java/Extensions:/Library/Java/Extensions:/Network/Library/Java/Extensions:/System/Library/Java/Extensions:/usr/lib/java:."/>
    <property name="java.vm.info" value="mixed mode, sharing"/>
    <property name="stderr.encoding" value="UTF-8"/>
    <property name="java.vendor" value="Homebrew"/>
    <property name="java.vm.version" value="19.0.2"/>
    <property name="sun.io.unicode.encoding" value="UnicodeBig"/>
    <property name="socksNonProxyHosts" value="local|*.local|169.254/16|*.169.254/16"/>
    <property name="java.class.version" value="63.0"/>
  </properties>
  <testcase name="testParse" classname="com.autotune.analyzer.utils.TestEvalExParser" time="0.006"/>
  <testcase name="testValidate" classname="com.autotune.analyzer.utils.TestEvalExParser" time="0.011"/>
</testsuite>